TN:
SF:src/01-sum.ts
FN:1,(anonymous_0)
FNF:1
FNH:1
FNDA:2,(anonymous_0)
DA:1,1
DA:2,2
LF:2
LH:2
BRF:0
BRH:0
end_of_record
TN:
SF:src/02-math.ts
FN:1,(anonymous_0)
FN:5,(anonymous_1)
FN:9,(anonymous_2)
FN:13,(anonymous_3)
FN:20,(anonymous_4)
FN:21,(anonymous_5)
FNF:6
FNH:6
FNDA:2,(anonymous_0)
FNDA:2,(anonymous_1)
FNDA:2,(anonymous_2)
FNDA:2,(anonymous_3)
FNDA:3,(anonymous_4)
FNDA:9,(anonymous_5)
DA:1,1
DA:2,2
DA:5,1
DA:6,2
DA:9,1
DA:10,2
DA:13,1
DA:14,2
DA:15,1
DA:17,1
DA:20,1
DA:21,9
DA:23,3
LF:13
LH:13
BRDA:14,0,0,1
BRDA:14,0,1,1
BRF:2
BRH:2
end_of_record
TN:
SF:src/06-person.js
FN:2,(anonymous_0)
FN:8,(anonymous_1)
FNF:2
FNH:2
FNDA:7,(anonymous_0)
FNDA:7,(anonymous_1)
DA:3,7
DA:4,7
DA:5,7
DA:9,7
DA:11,7
DA:12,1
DA:14,6
DA:15,1
DA:17,5
DA:18,1
DA:20,4
DA:21,1
DA:23,3
DA:24,1
DA:26,2
DA:27,1
DA:29,1
LF:17
LH:17
BRDA:11,0,0,1
BRDA:11,0,1,6
BRDA:11,1,0,7
BRDA:11,1,1,6
BRDA:14,2,0,1
BRDA:14,2,1,5
BRDA:14,3,0,6
BRDA:14,3,1,5
BRDA:17,4,0,1
BRDA:17,4,1,4
BRDA:17,5,0,5
BRDA:17,5,1,4
BRDA:20,6,0,1
BRDA:20,6,1,3
BRDA:20,7,0,4
BRDA:20,7,1,3
BRDA:23,8,0,1
BRDA:23,8,1,2
BRDA:23,9,0,3
BRDA:23,9,1,2
BRDA:26,10,0,1
BRDA:26,10,1,1
BRF:22
BRH:22
end_of_record
